<?xml version="1.0" encoding="UTF-8"?>
<coverage generated="1677787391406" clover="3.2.0">
  <project timestamp="1677787391406" name="All files">
    <metrics statements="95" coveredstatements="77" conditionals="27" coveredconditionals="15" methods="35" coveredmethods="26" elements="157" coveredelements="118" complexity="0" loc="95" ncloc="95" packages="4" files="8" classes="8"/>
    <package name="src">
      <metrics statements="0" coveredstatements="0" conditionals="0" coveredconditionals="0" methods="0" coveredmethods="0"/>
      <file name="index.ts" path="/home/furel/Desktop/react-controller/src/index.ts">
        <metrics statements="0" coveredstatements="0" conditionals="0" coveredconditionals="0" methods="0" coveredmethods="0"/>
      </file>
      <file name="types.ts" path="/home/furel/Desktop/react-controller/src/types.ts">
        <metrics statements="0" coveredstatements="0" conditionals="0" coveredconditionals="0" methods="0" coveredmethods="0"/>
      </file>
    </package>
    <package name="src.create">
      <metrics statements="26" coveredstatements="22" conditionals="7" coveredconditionals="3" methods="9" coveredmethods="8"/>
      <file name="index.ts" path="/home/furel/Desktop/react-controller/src/create/index.ts">
        <metrics statements="26" coveredstatements="22" conditionals="7" coveredconditionals="3" methods="9" coveredmethods="8"/>
        <line num="8" count="2" type="stmt"/>
        <line num="11" count="8" type="stmt"/>
        <line num="13" count="8" type="stmt"/>
        <line num="14" count="1" type="stmt"/>
        <line num="17" count="8" type="stmt"/>
        <line num="18" count="8" type="stmt"/>
        <line num="19" count="0" type="cond" truecount="0" falsecount="4"/>
        <line num="20" count="0" type="stmt"/>
        <line num="21" count="0" type="stmt"/>
        <line num="23" count="0" type="stmt"/>
        <line num="27" count="8" type="stmt"/>
        <line num="28" count="9" type="stmt"/>
        <line num="29" count="9" type="stmt"/>
        <line num="30" count="9" type="stmt"/>
        <line num="34" count="65" type="cond" truecount="1" falsecount="0"/>
        <line num="35" count="17" type="stmt"/>
        <line num="36" count="68" type="stmt"/>
        <line num="40" count="17" type="stmt"/>
        <line num="41" count="17" type="stmt"/>
        <line num="43" count="17" type="stmt"/>
        <line num="44" count="8" type="cond" truecount="2" falsecount="0"/>
        <line num="45" count="8" type="stmt"/>
        <line num="46" count="8" type="stmt"/>
        <line num="47" count="8" type="stmt"/>
        <line num="50" count="17" type="stmt"/>
        <line num="53" count="8" type="stmt"/>
      </file>
    </package>
    <package name="src.helpers">
      <metrics statements="52" coveredstatements="49" conditionals="14" coveredconditionals="11" methods="18" coveredmethods="15"/>
      <file name="createStoreAPI.ts" path="/home/furel/Desktop/react-controller/src/helpers/createStoreAPI.ts">
        <metrics statements="30" coveredstatements="27" conditionals="8" coveredconditionals="5" methods="13" coveredmethods="10"/>
        <line num="3" count="2" type="stmt"/>
        <line num="4" count="8" type="stmt"/>
        <line num="5" count="79" type="stmt"/>
        <line num="6" count="8" type="stmt"/>
        <line num="7" count="8" type="stmt"/>
        <line num="8" count="8" type="stmt"/>
        <line num="9" count="8" type="stmt"/>
        <line num="10" count="8" type="stmt"/>
        <line num="11" count="8" type="stmt"/>
        <line num="12" count="8" type="stmt"/>
        <line num="16" count="8" type="stmt"/>
        <line num="17" count="2" type="stmt"/>
        <line num="18" count="2" type="stmt"/>
        <line num="19" count="1" type="stmt"/>
        <line num="23" count="8" type="stmt"/>
        <line num="24" count="0" type="stmt"/>
        <line num="25" count="0" type="stmt"/>
        <line num="26" count="0" type="stmt"/>
        <line num="30" count="8" type="stmt"/>
        <line num="31" count="9" type="cond" truecount="1" falsecount="1"/>
        <line num="32" count="9" type="stmt"/>
        <line num="34" count="9" type="cond" truecount="1" falsecount="1"/>
        <line num="35" count="9" type="stmt"/>
        <line num="37" count="9" type="cond" truecount="1" falsecount="1"/>
        <line num="38" count="9" type="stmt"/>
        <line num="42" count="8" type="stmt"/>
        <line num="43" count="9" type="cond" truecount="2" falsecount="0"/>
        <line num="44" count="9" type="stmt"/>
        <line num="45" count="9" type="stmt"/>
        <line num="48" count="8" type="stmt"/>
      </file>
      <file name="selectorToPath.ts" path="/home/furel/Desktop/react-controller/src/helpers/selectorToPath.ts">
        <metrics statements="8" coveredstatements="8" conditionals="0" coveredconditionals="0" methods="2" coveredmethods="2"/>
        <line num="5" count="2" type="stmt"/>
        <line num="6" count="17" type="stmt"/>
        <line num="7" count="17" type="stmt"/>
        <line num="9" count="20" type="stmt"/>
        <line num="10" count="20" type="stmt"/>
        <line num="13" count="17" type="stmt"/>
        <line num="14" count="17" type="stmt"/>
        <line num="15" count="17" type="stmt"/>
      </file>
      <file name="setNestedValue.ts" path="/home/furel/Desktop/react-controller/src/helpers/setNestedValue.ts">
        <metrics statements="14" coveredstatements="14" conditionals="6" coveredconditionals="6" methods="3" coveredmethods="3"/>
        <line num="10" count="2" type="stmt"/>
        <line num="11" count="12" type="cond" truecount="2" falsecount="0"/>
        <line num="12" count="10" type="cond" truecount="2" falsecount="0"/>
        <line num="13" count="6" type="stmt"/>
        <line num="16" count="2" type="stmt"/>
        <line num="17" count="8" type="cond" truecount="2" falsecount="0"/>
        <line num="19" count="2" type="stmt"/>
        <line num="20" count="2" type="stmt"/>
        <line num="22" count="2" type="stmt"/>
        <line num="23" count="8" type="stmt"/>
        <line num="24" count="8" type="stmt"/>
        <line num="27" count="2" type="stmt"/>
        <line num="28" count="2" type="stmt"/>
        <line num="30" count="2" type="stmt"/>
      </file>
    </package>
    <package name="src.plugins">
      <metrics statements="17" coveredstatements="6" conditionals="6" coveredconditionals="1" methods="8" coveredmethods="3"/>
      <file name="broadcast.ts" path="/home/furel/Desktop/react-controller/src/plugins/broadcast.ts">
        <metrics statements="8" coveredstatements="1" conditionals="2" coveredconditionals="0" methods="4" coveredmethods="0"/>
        <line num="3" count="2" type="stmt"/>
        <line num="4" count="0" type="cond" truecount="0" falsecount="2"/>
        <line num="5" count="0" type="stmt"/>
        <line num="6" count="0" type="stmt"/>
        <line num="7" count="0" type="stmt"/>
        <line num="9" count="0" type="stmt"/>
        <line num="10" count="0" type="stmt"/>
        <line num="11" count="0" type="stmt"/>
      </file>
      <file name="persist.ts" path="/home/furel/Desktop/react-controller/src/plugins/persist.ts">
        <metrics statements="9" coveredstatements="5" conditionals="4" coveredconditionals="1" methods="4" coveredmethods="3"/>
        <line num="3" count="2" type="stmt"/>
        <line num="4" count="1" type="cond" truecount="1" falsecount="1"/>
        <line num="5" count="1" type="stmt"/>
        <line num="6" count="1" type="stmt"/>
        <line num="8" count="1" type="stmt"/>
        <line num="9" count="0" type="stmt"/>
        <line num="10" count="0" type="cond" truecount="0" falsecount="2"/>
        <line num="11" count="0" type="stmt"/>
        <line num="12" count="0" type="stmt"/>
      </file>
    </package>
  </project>
</coverage>
