{"C:\\Users\\Gabriel_Pureliani\\Desktop\\react-controller\\src\\index.ts": {"path":"C:\\Users\\Gabriel_Pureliani\\Desktop\\react-controller\\src\\index.ts","statementMap":{},"fnMap":{},"branchMap":{},"s":{},"f":{},"b":{},"_coverageSchema":"1a1c01bbd47fc00a2c39e90264f33305004495a9","hash":"056c30e98e669605cd446ade184b78fc4124ffea"}
,"C:\\Users\\Gabriel_Pureliani\\Desktop\\react-controller\\src\\types.ts": {"path":"C:\\Users\\Gabriel_Pureliani\\Desktop\\react-controller\\src\\types.ts","statementMap":{},"fnMap":{},"branchMap":{},"s":{},"f":{},"b":{},"_coverageSchema":"1a1c01bbd47fc00a2c39e90264f33305004495a9","hash":"7ccc27544087de8a58fcea2bebac146fdaaa6ea0"}
,"C:\\Users\\Gabriel_Pureliani\\Desktop\\react-controller\\src\\create\\index.ts": {"path":"C:\\Users\\Gabriel_Pureliani\\Desktop\\react-controller\\src\\create\\index.ts","statementMap":{"0":{"start":{"line":8,"column":35},"end":{"line":64,"column":1}},"1":{"start":{"line":11,"column":21},"end":{"line":11,"column":49}},"2":{"start":{"line":13,"column":4},"end":{"line":15,"column":6}},"3":{"start":{"line":14,"column":6},"end":{"line":14,"column":17}},"4":{"start":{"line":17,"column":35},"end":{"line":17,"column":40}},"5":{"start":{"line":18,"column":28},"end":{"line":25,"column":5}},"6":{"start":{"line":19,"column":6},"end":{"line":24,"column":7}},"7":{"start":{"line":20,"column":8},"end":{"line":20,"column":35}},"8":{"start":{"line":21,"column":8},"end":{"line":21,"column":39}},"9":{"start":{"line":23,"column":8},"end":{"line":23,"column":35}},"10":{"start":{"line":27,"column":54},"end":{"line":30,"column":5}},"11":{"start":{"line":28,"column":6},"end":{"line":28,"column":31}},"12":{"start":{"line":29,"column":6},"end":{"line":29,"column":58}},"13":{"start":{"line":33,"column":44},"end":{"line":55,"column":5}},"14":{"start":{"line":33,"column":60},"end":{"line":33,"column":72}},"15":{"start":{"line":34,"column":26},"end":{"line":36,"column":15}},"16":{"start":{"line":35,"column":8},"end":{"line":35,"column":39}},"17":{"start":{"line":39,"column":20},"end":{"line":39,"column":94}},"18":{"start":{"line":40,"column":19},"end":{"line":40,"column":60}},"19":{"start":{"line":40,"column":33},"end":{"line":40,"column":52}},"20":{"start":{"line":42,"column":60},"end":{"line":52,"column":23}},"21":{"start":{"line":43,"column":8},"end":{"line":51,"column":9}},"22":{"start":{"line":44,"column":10},"end":{"line":47,"column":12}},"23":{"start":{"line":45,"column":34},"end":{"line":45,"column":110}},"24":{"start":{"line":46,"column":12},"end":{"line":46,"column":42}},"25":{"start":{"line":49,"column":32},"end":{"line":49,"column":106}},"26":{"start":{"line":50,"column":10},"end":{"line":50,"column":40}},"27":{"start":{"line":54,"column":6},"end":{"line":54,"column":30}},"28":{"start":{"line":57,"column":4},"end":{"line":63,"column":5}}},"fnMap":{"0":{"name":"(anonymous_0)","decl":{"start":{"line":8,"column":35},"end":{"line":8,"column":36}},"loc":{"start":{"line":8,"column":62},"end":{"line":64,"column":1}},"line":8},"1":{"name":"(anonymous_1)","decl":{"start":{"line":13,"column":21},"end":{"line":13,"column":22}},"loc":{"start":{"line":13,"column":26},"end":{"line":15,"column":5}},"line":13},"2":{"name":"(anonymous_2)","decl":{"start":{"line":18,"column":28},"end":{"line":18,"column":29}},"loc":{"start":{"line":18,"column":49},"end":{"line":25,"column":5}},"line":18},"3":{"name":"(anonymous_3)","decl":{"start":{"line":27,"column":54},"end":{"line":27,"column":55}},"loc":{"start":{"line":27,"column":66},"end":{"line":30,"column":5}},"line":27},"4":{"name":"(anonymous_4)","decl":{"start":{"line":33,"column":44},"end":{"line":33,"column":45}},"loc":{"start":{"line":33,"column":77},"end":{"line":55,"column":5}},"line":33},"5":{"name":"(anonymous_5)","decl":{"start":{"line":33,"column":51},"end":{"line":33,"column":52}},"loc":{"start":{"line":33,"column":60},"end":{"line":33,"column":72}},"line":33},"6":{"name":"(anonymous_6)","decl":{"start":{"line":34,"column":38},"end":{"line":34,"column":39}},"loc":{"start":{"line":34,"column":44},"end":{"line":36,"column":7}},"line":34},"7":{"name":"(anonymous_7)","decl":{"start":{"line":40,"column":27},"end":{"line":40,"column":28}},"loc":{"start":{"line":40,"column":33},"end":{"line":40,"column":52}},"line":40},"8":{"name":"(anonymous_8)","decl":{"start":{"line":42,"column":72},"end":{"line":42,"column":73}},"loc":{"start":{"line":42,"column":84},"end":{"line":52,"column":7}},"line":42},"9":{"name":"(anonymous_9)","decl":{"start":{"line":44,"column":46},"end":{"line":44,"column":47}},"loc":{"start":{"line":44,"column":58},"end":{"line":47,"column":11}},"line":44}},"branchMap":{"0":{"loc":{"start":{"line":19,"column":6},"end":{"line":24,"column":7}},"type":"if","locations":[{"start":{"line":19,"column":6},"end":{"line":24,"column":7}},{"start":{"line":22,"column":13},"end":{"line":24,"column":7}}],"line":19},"1":{"loc":{"start":{"line":19,"column":10},"end":{"line":19,"column":68}},"type":"binary-expr","locations":[{"start":{"line":19,"column":10},"end":{"line":19,"column":39}},{"start":{"line":19,"column":43},"end":{"line":19,"column":68}}],"line":19},"2":{"loc":{"start":{"line":33,"column":45},"end":{"line":33,"column":72}},"type":"default-arg","locations":[{"start":{"line":33,"column":51},"end":{"line":33,"column":72}}],"line":33},"3":{"loc":{"start":{"line":43,"column":8},"end":{"line":51,"column":9}},"type":"if","locations":[{"start":{"line":43,"column":8},"end":{"line":51,"column":9}},{"start":{"line":48,"column":15},"end":{"line":51,"column":9}}],"line":43}},"s":{"0":2,"1":8,"2":8,"3":1,"4":8,"5":8,"6":0,"7":0,"8":0,"9":0,"10":8,"11":8,"12":8,"13":8,"14":56,"15":15,"16":61,"17":15,"18":15,"19":15,"20":15,"21":7,"22":3,"23":3,"24":3,"25":4,"26":4,"27":15,"28":8},"f":{"0":8,"1":1,"2":0,"3":8,"4":15,"5":56,"6":61,"7":15,"8":7,"9":3},"b":{"0":[0,0],"1":[0,0],"2":[11],"3":[3,4]},"_coverageSchema":"1a1c01bbd47fc00a2c39e90264f33305004495a9","hash":"c25d1efdd50f6770961b2ea16d11f2b20a0a1c6f"}
,"C:\\Users\\Gabriel_Pureliani\\Desktop\\react-controller\\src\\helpers\\createStoreAPI.ts": {"path":"C:\\Users\\Gabriel_Pureliani\\Desktop\\react-controller\\src\\helpers\\createStoreAPI.ts","statementMap":{"0":{"start":{"line":3,"column":30},"end":{"line":60,"column":1}},"1":{"start":{"line":4,"column":14},"end":{"line":4,"column":19}},"2":{"start":{"line":5,"column":19},"end":{"line":5,"column":30}},"3":{"start":{"line":5,"column":25},"end":{"line":5,"column":30}},"4":{"start":{"line":6,"column":28},"end":{"line":6,"column":55}},"5":{"start":{"line":7,"column":28},"end":{"line":7,"column":54}},"6":{"start":{"line":8,"column":27},"end":{"line":8,"column":53}},"7":{"start":{"line":9,"column":28},"end":{"line":14,"column":3}},"8":{"start":{"line":10,"column":4},"end":{"line":10,"column":35}},"9":{"start":{"line":11,"column":4},"end":{"line":13,"column":5}},"10":{"start":{"line":12,"column":6},"end":{"line":12,"column":40}},"11":{"start":{"line":16,"column":28},"end":{"line":21,"column":3}},"12":{"start":{"line":17,"column":4},"end":{"line":17,"column":35}},"13":{"start":{"line":18,"column":4},"end":{"line":20,"column":5}},"14":{"start":{"line":19,"column":6},"end":{"line":19,"column":40}},"15":{"start":{"line":23,"column":27},"end":{"line":28,"column":3}},"16":{"start":{"line":24,"column":4},"end":{"line":24,"column":34}},"17":{"start":{"line":25,"column":4},"end":{"line":27,"column":5}},"18":{"start":{"line":26,"column":6},"end":{"line":26,"column":39}},"19":{"start":{"line":30,"column":17},"end":{"line":40,"column":3}},"20":{"start":{"line":31,"column":4},"end":{"line":33,"column":5}},"21":{"start":{"line":32,"column":6},"end":{"line":32,"column":55}},"22":{"start":{"line":32,"column":44},"end":{"line":32,"column":54}},"23":{"start":{"line":34,"column":4},"end":{"line":36,"column":5}},"24":{"start":{"line":35,"column":6},"end":{"line":35,"column":65}},"25":{"start":{"line":35,"column":44},"end":{"line":35,"column":64}},"26":{"start":{"line":37,"column":4},"end":{"line":39,"column":5}},"27":{"start":{"line":38,"column":6},"end":{"line":38,"column":64}},"28":{"start":{"line":38,"column":43},"end":{"line":38,"column":63}},"29":{"start":{"line":42,"column":39},"end":{"line":50,"column":3}},"30":{"start":{"line":43,"column":4},"end":{"line":49,"column":5}},"31":{"start":{"line":44,"column":6},"end":{"line":46,"column":8}},"32":{"start":{"line":45,"column":8},"end":{"line":45,"column":21}},"33":{"start":{"line":48,"column":6},"end":{"line":48,"column":20}},"34":{"start":{"line":52,"column":2},"end":{"line":59,"column":3}}},"fnMap":{"0":{"name":"(anonymous_0)","decl":{"start":{"line":3,"column":30},"end":{"line":3,"column":31}},"loc":{"start":{"line":3,"column":72},"end":{"line":60,"column":1}},"line":3},"1":{"name":"(anonymous_1)","decl":{"start":{"line":5,"column":19},"end":{"line":5,"column":20}},"loc":{"start":{"line":5,"column":25},"end":{"line":5,"column":30}},"line":5},"2":{"name":"(anonymous_2)","decl":{"start":{"line":9,"column":28},"end":{"line":9,"column":29}},"loc":{"start":{"line":9,"column":60},"end":{"line":14,"column":3}},"line":9},"3":{"name":"(anonymous_3)","decl":{"start":{"line":11,"column":11},"end":{"line":11,"column":12}},"loc":{"start":{"line":11,"column":17},"end":{"line":13,"column":5}},"line":11},"4":{"name":"(anonymous_4)","decl":{"start":{"line":16,"column":28},"end":{"line":16,"column":29}},"loc":{"start":{"line":16,"column":59},"end":{"line":21,"column":3}},"line":16},"5":{"name":"(anonymous_5)","decl":{"start":{"line":18,"column":11},"end":{"line":18,"column":12}},"loc":{"start":{"line":18,"column":17},"end":{"line":20,"column":5}},"line":18},"6":{"name":"(anonymous_6)","decl":{"start":{"line":23,"column":27},"end":{"line":23,"column":28}},"loc":{"start":{"line":23,"column":58},"end":{"line":28,"column":3}},"line":23},"7":{"name":"(anonymous_7)","decl":{"start":{"line":25,"column":11},"end":{"line":25,"column":12}},"loc":{"start":{"line":25,"column":17},"end":{"line":27,"column":5}},"line":25},"8":{"name":"(anonymous_8)","decl":{"start":{"line":30,"column":17},"end":{"line":30,"column":18}},"loc":{"start":{"line":30,"column":48},"end":{"line":40,"column":3}},"line":30},"9":{"name":"(anonymous_9)","decl":{"start":{"line":32,"column":32},"end":{"line":32,"column":33}},"loc":{"start":{"line":32,"column":44},"end":{"line":32,"column":54}},"line":32},"10":{"name":"(anonymous_10)","decl":{"start":{"line":35,"column":32},"end":{"line":35,"column":33}},"loc":{"start":{"line":35,"column":44},"end":{"line":35,"column":64}},"line":35},"11":{"name":"(anonymous_11)","decl":{"start":{"line":38,"column":31},"end":{"line":38,"column":32}},"loc":{"start":{"line":38,"column":43},"end":{"line":38,"column":63}},"line":38},"12":{"name":"(anonymous_12)","decl":{"start":{"line":42,"column":39},"end":{"line":42,"column":40}},"loc":{"start":{"line":42,"column":51},"end":{"line":50,"column":3}},"line":42},"13":{"name":"(anonymous_13)","decl":{"start":{"line":44,"column":42},"end":{"line":44,"column":43}},"loc":{"start":{"line":44,"column":51},"end":{"line":46,"column":7}},"line":44}},"branchMap":{"0":{"loc":{"start":{"line":31,"column":4},"end":{"line":33,"column":5}},"type":"if","locations":[{"start":{"line":31,"column":4},"end":{"line":33,"column":5}},{"start":{},"end":{}}],"line":31},"1":{"loc":{"start":{"line":34,"column":4},"end":{"line":36,"column":5}},"type":"if","locations":[{"start":{"line":34,"column":4},"end":{"line":36,"column":5}},{"start":{},"end":{}}],"line":34},"2":{"loc":{"start":{"line":37,"column":4},"end":{"line":39,"column":5}},"type":"if","locations":[{"start":{"line":37,"column":4},"end":{"line":39,"column":5}},{"start":{},"end":{}}],"line":37},"3":{"loc":{"start":{"line":43,"column":4},"end":{"line":49,"column":5}},"type":"if","locations":[{"start":{"line":43,"column":4},"end":{"line":49,"column":5}},{"start":{"line":47,"column":11},"end":{"line":49,"column":5}}],"line":43}},"s":{"0":2,"1":8,"2":8,"3":71,"4":8,"5":8,"6":8,"7":8,"8":8,"9":8,"10":8,"11":8,"12":2,"13":2,"14":0,"15":8,"16":0,"17":0,"18":0,"19":8,"20":8,"21":8,"22":8,"23":8,"24":8,"25":2,"26":8,"27":8,"28":0,"29":8,"30":8,"31":1,"32":1,"33":7,"34":8},"f":{"0":8,"1":71,"2":8,"3":8,"4":2,"5":0,"6":0,"7":0,"8":8,"9":8,"10":2,"11":0,"12":8,"13":1},"b":{"0":[8,0],"1":[8,0],"2":[8,0],"3":[1,7]},"_coverageSchema":"1a1c01bbd47fc00a2c39e90264f33305004495a9","hash":"e994299c111c3d75e644558c498d8d98befa2de7"}
,"C:\\Users\\Gabriel_Pureliani\\Desktop\\react-controller\\src\\helpers\\selectorToPath.ts": {"path":"C:\\Users\\Gabriel_Pureliani\\Desktop\\react-controller\\src\\helpers\\selectorToPath.ts","statementMap":{"0":{"start":{"line":5,"column":30},"end":{"line":16,"column":1}},"1":{"start":{"line":6,"column":21},"end":{"line":6,"column":23}},"2":{"start":{"line":7,"column":73},"end":{"line":12,"column":3}},"3":{"start":{"line":9,"column":6},"end":{"line":9,"column":18}},"4":{"start":{"line":10,"column":6},"end":{"line":10,"column":35}},"5":{"start":{"line":13,"column":23},"end":{"line":13,"column":45}},"6":{"start":{"line":14,"column":2},"end":{"line":14,"column":23}},"7":{"start":{"line":15,"column":2},"end":{"line":15,"column":13}}},"fnMap":{"0":{"name":"(anonymous_0)","decl":{"start":{"line":5,"column":30},"end":{"line":5,"column":31}},"loc":{"start":{"line":5,"column":99},"end":{"line":16,"column":1}},"line":5},"1":{"name":"(anonymous_1)","decl":{"start":{"line":8,"column":4},"end":{"line":8,"column":5}},"loc":{"start":{"line":8,"column":14},"end":{"line":11,"column":5}},"line":8}},"branchMap":{},"s":{"0":2,"1":15,"2":15,"3":20,"4":20,"5":15,"6":15,"7":15},"f":{"0":15,"1":20},"b":{},"_coverageSchema":"1a1c01bbd47fc00a2c39e90264f33305004495a9","hash":"24a1cce56921919299478c6bbbc59ca47a26e667"}
,"C:\\Users\\Gabriel_Pureliani\\Desktop\\react-controller\\src\\helpers\\setNestedValue.ts": {"path":"C:\\Users\\Gabriel_Pureliani\\Desktop\\react-controller\\src\\helpers\\setNestedValue.ts","statementMap":{"0":{"start":{"line":10,"column":25},"end":{"line":14,"column":1}},"1":{"start":{"line":11,"column":2},"end":{"line":11,"column":45}},"2":{"start":{"line":11,"column":33},"end":{"line":11,"column":45}},"3":{"start":{"line":12,"column":2},"end":{"line":13,"column":38}},"4":{"start":{"line":12,"column":27},"end":{"line":12,"column":58}},"5":{"start":{"line":13,"column":7},"end":{"line":13,"column":38}},"6":{"start":{"line":16,"column":46},"end":{"line":31,"column":1}},"7":{"start":{"line":17,"column":2},"end":{"line":17,"column":36}},"8":{"start":{"line":17,"column":24},"end":{"line":17,"column":36}},"9":{"start":{"line":19,"column":16},"end":{"line":19,"column":39}},"10":{"start":{"line":20,"column":16},"end":{"line":20,"column":21}},"11":{"start":{"line":22,"column":2},"end":{"line":25,"column":5}},"12":{"start":{"line":23,"column":4},"end":{"line":23,"column":59}},"13":{"start":{"line":24,"column":4},"end":{"line":24,"column":31}},"14":{"start":{"line":27,"column":2},"end":{"line":27,"column":98}},"15":{"start":{"line":28,"column":2},"end":{"line":28,"column":47}},"16":{"start":{"line":30,"column":2},"end":{"line":30,"column":14}}},"fnMap":{"0":{"name":"(anonymous_0)","decl":{"start":{"line":10,"column":25},"end":{"line":10,"column":26}},"loc":{"start":{"line":10,"column":45},"end":{"line":14,"column":1}},"line":10},"1":{"name":"(anonymous_1)","decl":{"start":{"line":16,"column":46},"end":{"line":16,"column":47}},"loc":{"start":{"line":16,"column":74},"end":{"line":31,"column":1}},"line":16},"2":{"name":"(anonymous_2)","decl":{"start":{"line":22,"column":27},"end":{"line":22,"column":28}},"loc":{"start":{"line":22,"column":30},"end":{"line":25,"column":3}},"line":22}},"branchMap":{"0":{"loc":{"start":{"line":11,"column":2},"end":{"line":11,"column":45}},"type":"if","locations":[{"start":{"line":11,"column":2},"end":{"line":11,"column":45}},{"start":{},"end":{}}],"line":11},"1":{"loc":{"start":{"line":12,"column":2},"end":{"line":13,"column":38}},"type":"if","locations":[{"start":{"line":12,"column":2},"end":{"line":13,"column":38}},{"start":{"line":13,"column":7},"end":{"line":13,"column":38}}],"line":12},"2":{"loc":{"start":{"line":17,"column":2},"end":{"line":17,"column":36}},"type":"if","locations":[{"start":{"line":17,"column":2},"end":{"line":17,"column":36}},{"start":{},"end":{}}],"line":17}},"s":{"0":2,"1":12,"2":2,"3":10,"4":4,"5":6,"6":2,"7":7,"8":5,"9":2,"10":2,"11":2,"12":8,"13":8,"14":2,"15":2,"16":2},"f":{"0":12,"1":7,"2":8},"b":{"0":[2,10],"1":[4,6],"2":[5,2]},"_coverageSchema":"1a1c01bbd47fc00a2c39e90264f33305004495a9","hash":"20b3ff9673de3e6804231f95554beb9d82bfeb28"}
,"C:\\Users\\Gabriel_Pureliani\\Desktop\\react-controller\\src\\plugins\\broadcast.ts": {"path":"C:\\Users\\Gabriel_Pureliani\\Desktop\\react-controller\\src\\plugins\\broadcast.ts","statementMap":{"0":{"start":{"line":3,"column":33},"end":{"line":13,"column":1}},"1":{"start":{"line":3,"column":51},"end":{"line":13,"column":1}},"2":{"start":{"line":4,"column":2},"end":{"line":4,"column":43}},"3":{"start":{"line":4,"column":37},"end":{"line":4,"column":43}},"4":{"start":{"line":5,"column":18},"end":{"line":5,"column":44}},"5":{"start":{"line":6,"column":2},"end":{"line":8,"column":4}},"6":{"start":{"line":7,"column":4},"end":{"line":7,"column":30}},"7":{"start":{"line":9,"column":2},"end":{"line":12,"column":3}},"8":{"start":{"line":10,"column":4},"end":{"line":10,"column":26}},"9":{"start":{"line":11,"column":4},"end":{"line":11,"column":42}}},"fnMap":{"0":{"name":"(anonymous_0)","decl":{"start":{"line":3,"column":33},"end":{"line":3,"column":34}},"loc":{"start":{"line":3,"column":51},"end":{"line":13,"column":1}},"line":3},"1":{"name":"(anonymous_1)","decl":{"start":{"line":3,"column":51},"end":{"line":3,"column":52}},"loc":{"start":{"line":3,"column":62},"end":{"line":13,"column":1}},"line":3},"2":{"name":"(anonymous_2)","decl":{"start":{"line":6,"column":25},"end":{"line":6,"column":26}},"loc":{"start":{"line":6,"column":36},"end":{"line":8,"column":3}},"line":6},"3":{"name":"(anonymous_3)","decl":{"start":{"line":9,"column":22},"end":{"line":9,"column":23}},"loc":{"start":{"line":9,"column":78},"end":{"line":12,"column":3}},"line":9}},"branchMap":{"0":{"loc":{"start":{"line":4,"column":2},"end":{"line":4,"column":43}},"type":"if","locations":[{"start":{"line":4,"column":2},"end":{"line":4,"column":43}},{"start":{},"end":{}}],"line":4}},"s":{"0":2,"1":0,"2":0,"3":0,"4":0,"5":0,"6":0,"7":0,"8":0,"9":0},"f":{"0":0,"1":0,"2":0,"3":0},"b":{"0":[0,0]},"_coverageSchema":"1a1c01bbd47fc00a2c39e90264f33305004495a9","hash":"a526084657804ee8ce2263494c866a75bf4abeb6"}
,"C:\\Users\\Gabriel_Pureliani\\Desktop\\react-controller\\src\\plugins\\persist.ts": {"path":"C:\\Users\\Gabriel_Pureliani\\Desktop\\react-controller\\src\\plugins\\persist.ts","statementMap":{"0":{"start":{"line":4,"column":31},"end":{"line":15,"column":1}},"1":{"start":{"line":4,"column":49},"end":{"line":15,"column":1}},"2":{"start":{"line":5,"column":2},"end":{"line":5,"column":43}},"3":{"start":{"line":5,"column":37},"end":{"line":5,"column":43}},"4":{"start":{"line":6,"column":2},"end":{"line":8,"column":4}},"5":{"start":{"line":7,"column":4},"end":{"line":7,"column":53}},"6":{"start":{"line":9,"column":2},"end":{"line":14,"column":4}},"7":{"start":{"line":10,"column":21},"end":{"line":10,"column":47}},"8":{"start":{"line":11,"column":4},"end":{"line":11,"column":25}},"9":{"start":{"line":11,"column":19},"end":{"line":11,"column":25}},"10":{"start":{"line":12,"column":4},"end":{"line":12,"column":40}},"11":{"start":{"line":13,"column":4},"end":{"line":13,"column":53}}},"fnMap":{"0":{"name":"(anonymous_0)","decl":{"start":{"line":4,"column":31},"end":{"line":4,"column":32}},"loc":{"start":{"line":4,"column":49},"end":{"line":15,"column":1}},"line":4},"1":{"name":"(anonymous_1)","decl":{"start":{"line":4,"column":49},"end":{"line":4,"column":50}},"loc":{"start":{"line":4,"column":60},"end":{"line":15,"column":1}},"line":4},"2":{"name":"(anonymous_2)","decl":{"start":{"line":6,"column":26},"end":{"line":6,"column":27}},"loc":{"start":{"line":6,"column":37},"end":{"line":8,"column":3}},"line":6},"3":{"name":"(anonymous_3)","decl":{"start":{"line":9,"column":34},"end":{"line":9,"column":35}},"loc":{"start":{"line":9,"column":40},"end":{"line":14,"column":3}},"line":9}},"branchMap":{"0":{"loc":{"start":{"line":5,"column":2},"end":{"line":5,"column":43}},"type":"if","locations":[{"start":{"line":5,"column":2},"end":{"line":5,"column":43}},{"start":{},"end":{}}],"line":5},"1":{"loc":{"start":{"line":11,"column":4},"end":{"line":11,"column":25}},"type":"if","locations":[{"start":{"line":11,"column":4},"end":{"line":11,"column":25}},{"start":{},"end":{}}],"line":11}},"s":{"0":2,"1":1,"2":1,"3":0,"4":1,"5":1,"6":1,"7":0,"8":0,"9":0,"10":0,"11":0},"f":{"0":1,"1":1,"2":1,"3":0},"b":{"0":[0,1],"1":[0,0]},"_coverageSchema":"1a1c01bbd47fc00a2c39e90264f33305004495a9","hash":"dbadff9ed58e9ff339e84bf19280007bced2efde"}
}
