TN:
SF:src/index.ts
FNF:0
FNH:0
LF:0
LH:0
BRF:0
BRH:0
end_of_record
TN:
SF:src/types.ts
FNF:0
FNH:0
LF:0
LH:0
BRF:0
BRH:0
end_of_record
TN:
SF:src/create/index.ts
FN:8,(anonymous_0)
FN:13,(anonymous_1)
FN:18,(anonymous_2)
FN:27,(anonymous_3)
FN:34,(anonymous_4)
FN:34,(anonymous_5)
FN:35,(anonymous_6)
FN:41,(anonymous_7)
FN:43,(anonymous_8)
FNF:9
FNH:8
FNDA:8,(anonymous_0)
FNDA:1,(anonymous_1)
FNDA:0,(anonymous_2)
FNDA:9,(anonymous_3)
FNDA:17,(anonymous_4)
FNDA:65,(anonymous_5)
FNDA:68,(anonymous_6)
FNDA:17,(anonymous_7)
FNDA:8,(anonymous_8)
DA:8,2
DA:11,8
DA:13,8
DA:14,1
DA:17,8
DA:18,8
DA:19,0
DA:20,0
DA:21,0
DA:23,0
DA:27,8
DA:28,9
DA:29,9
DA:30,9
DA:34,65
DA:35,17
DA:36,68
DA:40,17
DA:41,17
DA:43,17
DA:44,8
DA:45,8
DA:46,8
DA:47,8
DA:50,17
DA:53,8
LF:26
LH:22
BRDA:19,0,0,0
BRDA:19,0,1,0
BRDA:19,1,0,0
BRDA:19,1,1,0
BRDA:34,2,0,13
BRDA:44,3,0,4
BRDA:44,3,1,4
BRF:7
BRH:3
end_of_record
TN:
SF:src/helpers/createStoreAPI.ts
FN:3,(anonymous_0)
FN:5,(anonymous_1)
FN:9,(anonymous_2)
FN:11,(anonymous_3)
FN:16,(anonymous_4)
FN:18,(anonymous_5)
FN:23,(anonymous_6)
FN:25,(anonymous_7)
FN:30,(anonymous_8)
FN:32,(anonymous_9)
FN:35,(anonymous_10)
FN:38,(anonymous_11)
FN:42,(anonymous_12)
FNF:13
FNH:10
FNDA:8,(anonymous_0)
FNDA:79,(anonymous_1)
FNDA:8,(anonymous_2)
FNDA:8,(anonymous_3)
FNDA:2,(anonymous_4)
FNDA:1,(anonymous_5)
FNDA:0,(anonymous_6)
FNDA:0,(anonymous_7)
FNDA:9,(anonymous_8)
FNDA:9,(anonymous_9)
FNDA:2,(anonymous_10)
FNDA:0,(anonymous_11)
FNDA:9,(anonymous_12)
DA:3,2
DA:4,8
DA:5,79
DA:6,8
DA:7,8
DA:8,8
DA:9,8
DA:10,8
DA:11,8
DA:12,8
DA:16,8
DA:17,2
DA:18,2
DA:19,1
DA:23,8
DA:24,0
DA:25,0
DA:26,0
DA:30,8
DA:31,9
DA:32,9
DA:34,9
DA:35,9
DA:37,9
DA:38,9
DA:42,8
DA:43,9
DA:44,9
DA:45,9
DA:48,8
LF:30
LH:27
BRDA:31,0,0,9
BRDA:31,0,1,0
BRDA:34,1,0,9
BRDA:34,1,1,0
BRDA:37,2,0,9
BRDA:37,2,1,0
BRDA:43,3,0,1
BRDA:43,3,1,8
BRF:8
BRH:5
end_of_record
TN:
SF:src/helpers/selectorToPath.ts
FN:5,(anonymous_0)
FN:8,(anonymous_1)
FNF:2
FNH:2
FNDA:17,(anonymous_0)
FNDA:20,(anonymous_1)
DA:5,2
DA:6,17
DA:7,17
DA:9,20
DA:10,20
DA:13,17
DA:14,17
DA:15,17
LF:8
LH:8
BRF:0
BRH:0
end_of_record
TN:
SF:src/helpers/setNestedValue.ts
FN:10,(anonymous_0)
FN:16,(anonymous_1)
FN:22,(anonymous_2)
FNF:3
FNH:3
FNDA:12,(anonymous_0)
FNDA:8,(anonymous_1)
FNDA:8,(anonymous_2)
DA:10,2
DA:11,12
DA:12,10
DA:13,6
DA:16,2
DA:17,8
DA:19,2
DA:20,2
DA:22,2
DA:23,8
DA:24,8
DA:27,2
DA:28,2
DA:30,2
LF:14
LH:14
BRDA:11,0,0,2
BRDA:11,0,1,10
BRDA:12,1,0,4
BRDA:12,1,1,6
BRDA:17,2,0,6
BRDA:17,2,1,2
BRF:6
BRH:6
end_of_record
TN:
SF:src/plugins/broadcast.ts
FN:3,(anonymous_0)
FN:3,(anonymous_1)
FN:6,(anonymous_2)
FN:9,(anonymous_3)
FNF:4
FNH:0
FNDA:0,(anonymous_0)
FNDA:0,(anonymous_1)
FNDA:0,(anonymous_2)
FNDA:0,(anonymous_3)
DA:3,2
DA:4,0
DA:5,0
DA:6,0
DA:7,0
DA:9,0
DA:10,0
DA:11,0
LF:8
LH:1
BRDA:4,0,0,0
BRDA:4,0,1,0
BRF:2
BRH:0
end_of_record
TN:
SF:src/plugins/persist.ts
FN:3,(anonymous_0)
FN:3,(anonymous_1)
FN:5,(anonymous_2)
FN:8,(anonymous_3)
FNF:4
FNH:3
FNDA:1,(anonymous_0)
FNDA:1,(anonymous_1)
FNDA:1,(anonymous_2)
FNDA:0,(anonymous_3)
DA:3,2
DA:4,1
DA:5,1
DA:6,1
DA:8,1
DA:9,0
DA:10,0
DA:11,0
DA:12,0
LF:9
LH:5
BRDA:4,0,0,0
BRDA:4,0,1,1
BRDA:10,1,0,0
BRDA:10,1,1,0
BRF:4
BRH:1
end_of_record
